<?xml version="1.0" encoding="UTF-8"?>
<testsuite xmlns:xsi="http://www.w3.org/2001/XMLSchema-instance" xsi:noNamespaceSchemaLocation="https://maven.apache.org/surefire/maven-surefire-plugin/xsd/surefire-test-report-3.0.xsd" version="3.0" name="com.financecalculator.financecalculator.VacationServiceImplTest" time="2.565" tests="3" errors="0" skipped="0" failures="0">
  <properties>
[...]
</properties>
  <testcase name="testMoneyForVacation" classname="com.financecalculator.financecalculator.VacationServiceImplTest" time="0.367">
    <system-out><![CDATA[00:28:39.608 [main] INFO org.springframework.test.context.support.AnnotationConfigContextLoaderUtils -- Could not detect default configuration classes for test class [com.financecalculator.financecalculator.VacationServiceImplTest]: VacationServiceImplTest does not declare any static, non-private, non-final, nested classes annotated with @Configuration.
00:28:39.647 [main] INFO org.springframework.boot.test.context.SpringBootTestContextBootstrapper -- Found @SpringBootConfiguration com.financecalculator.financecalculator.FinanceCalculatorApplication for test class com.financecalculator.financecalculator.VacationServiceImplTest
00:28:39.702 [main] INFO org.springframework.boot.devtools.restart.RestartApplicationListener -- Restart disabled due to context in which it is running

  .   ____          _            __ _ _
 /\\ / ___'_ __ _ _(_)_ __  __ _ \ \ \ \
( ( )\___ | '_ | '_| | '_ \/ _` | \ \ \ \
 \\/  ___)| |_)| | | | | || (_| |  ) ) ) )
  '  |____| .__|_| |_|_| |_\__, | / / / /
 =========|_|==============|___/=/_/_/_/
 :: Spring Boot ::                (v3.2.4)

2024-04-16T00:28:39.812-05:00  INFO 70364 --- [           main] c.f.f.VacationServiceImplTest            : Starting VacationServiceImplTest using Java 21.0.2 with PID 70364 (started by craigbanksjr in /Users/craigbanksjr/Desktop/projects/full-stack-finance-calculator/backend/finance-calculator)
2024-04-16T00:28:39.813-05:00  INFO 70364 --- [           main] c.f.f.VacationServiceImplTest            : No active profile set, falling back to 1 default profile: "default"
2024-04-16T00:28:40.154-05:00  INFO 70364 --- [           main] .s.d.r.c.RepositoryConfigurationDelegate : Bootstrapping Spring Data JPA repositories in DEFAULT mode.
2024-04-16T00:28:40.175-05:00  INFO 70364 --- [           main] .s.d.r.c.RepositoryConfigurationDelegate : Finished Spring Data repository scanning in 18 ms. Found 4 JPA repository interfaces.
2024-04-16T00:28:40.441-05:00  INFO 70364 --- [           main] o.hibernate.jpa.internal.util.LogHelper  : HHH000204: Processing PersistenceUnitInfo [name: default]
2024-04-16T00:28:40.461-05:00  INFO 70364 --- [           main] org.hibernate.Version                    : HHH000412: Hibernate ORM core version 6.4.4.Final
2024-04-16T00:28:40.471-05:00  INFO 70364 --- [           main] o.h.c.internal.RegionFactoryInitiator    : HHH000026: Second-level cache disabled
2024-04-16T00:28:40.560-05:00  INFO 70364 --- [           main] o.s.o.j.p.SpringPersistenceUnitInfo      : No LoadTimeWeaver setup: ignoring JPA class transformer
2024-04-16T00:28:40.570-05:00  INFO 70364 --- [           main] com.zaxxer.hikari.HikariDataSource       : HikariPool-1 - Starting...
2024-04-16T00:28:40.675-05:00  INFO 70364 --- [           main] com.zaxxer.hikari.pool.HikariPool        : HikariPool-1 - Added connection org.postgresql.jdbc.PgConnection@36cfe107
2024-04-16T00:28:40.676-05:00  INFO 70364 --- [           main] com.zaxxer.hikari.HikariDataSource       : HikariPool-1 - Start completed.
2024-04-16T00:28:40.689-05:00  WARN 70364 --- [           main] org.hibernate.orm.deprecation            : HHH90000025: PostgreSQLDialect does not need to be specified explicitly using 'hibernate.dialect' (remove the property setting and it will be selected by default)
2024-04-16T00:28:41.020-05:00  INFO 70364 --- [           main] o.h.e.t.j.p.i.JtaPlatformInitiator       : HHH000489: No JTA platform available (set 'hibernate.transaction.jta.platform' to enable JTA platform integration)
Hibernate: drop table if exists account cascade
2024-04-16T00:28:41.027-05:00  WARN 70364 --- [           main] o.h.engine.jdbc.spi.SqlExceptionHelper   : SQL Warning Code: 0, SQLState: 00000
2024-04-16T00:28:41.027-05:00  WARN 70364 --- [           main] o.h.engine.jdbc.spi.SqlExceptionHelper   : table "account" does not exist, skipping
Hibernate: drop table if exists expenses cascade
2024-04-16T00:28:41.027-05:00  WARN 70364 --- [           main] o.h.engine.jdbc.spi.SqlExceptionHelper   : SQL Warning Code: 0, SQLState: 00000
2024-04-16T00:28:41.027-05:00  WARN 70364 --- [           main] o.h.engine.jdbc.spi.SqlExceptionHelper   : table "expenses" does not exist, skipping
Hibernate: drop table if exists savings cascade
2024-04-16T00:28:41.027-05:00  WARN 70364 --- [           main] o.h.engine.jdbc.spi.SqlExceptionHelper   : SQL Warning Code: 0, SQLState: 00000
2024-04-16T00:28:41.027-05:00  WARN 70364 --- [           main] o.h.engine.jdbc.spi.SqlExceptionHelper   : table "savings" does not exist, skipping
Hibernate: drop table if exists vacation cascade
2024-04-16T00:28:41.028-05:00  WARN 70364 --- [           main] o.h.engine.jdbc.spi.SqlExceptionHelper   : SQL Warning Code: 0, SQLState: 00000
2024-04-16T00:28:41.028-05:00  WARN 70364 --- [           main] o.h.engine.jdbc.spi.SqlExceptionHelper   : table "vacation" does not exist, skipping
Hibernate: drop sequence if exists account_seq
2024-04-16T00:28:41.028-05:00  WARN 70364 --- [           main] o.h.engine.jdbc.spi.SqlExceptionHelper   : SQL Warning Code: 0, SQLState: 00000
2024-04-16T00:28:41.028-05:00  WARN 70364 --- [           main] o.h.engine.jdbc.spi.SqlExceptionHelper   : sequence "account_seq" does not exist, skipping
Hibernate: drop sequence if exists expenses_seq
2024-04-16T00:28:41.028-05:00  WARN 70364 --- [           main] o.h.engine.jdbc.spi.SqlExceptionHelper   : SQL Warning Code: 0, SQLState: 00000
2024-04-16T00:28:41.028-05:00  WARN 70364 --- [           main] o.h.engine.jdbc.spi.SqlExceptionHelper   : sequence "expenses_seq" does not exist, skipping
Hibernate: drop sequence if exists savings_seq
2024-04-16T00:28:41.028-05:00  WARN 70364 --- [           main] o.h.engine.jdbc.spi.SqlExceptionHelper   : SQL Warning Code: 0, SQLState: 00000
2024-04-16T00:28:41.028-05:00  WARN 70364 --- [           main] o.h.engine.jdbc.spi.SqlExceptionHelper   : sequence "savings_seq" does not exist, skipping
Hibernate: drop sequence if exists vacation_seq
2024-04-16T00:28:41.029-05:00  WARN 70364 --- [           main] o.h.engine.jdbc.spi.SqlExceptionHelper   : SQL Warning Code: 0, SQLState: 00000
2024-04-16T00:28:41.029-05:00  WARN 70364 --- [           main] o.h.engine.jdbc.spi.SqlExceptionHelper   : sequence "vacation_seq" does not exist, skipping
Hibernate: create sequence account_seq start with 1 increment by 50
Hibernate: create sequence expenses_seq start with 1 increment by 50
Hibernate: create sequence savings_seq start with 1 increment by 50
Hibernate: create sequence vacation_seq start with 1 increment by 50
Hibernate: create table account (amount float(53) not null, deducted float(53) not null, remaining float(53) not null, id bigint not null, primary key (id))
Hibernate: create table expenses (allocated_amount float(53) not null, allocation_taken_out float(53) not null, initial_amount float(53) not null, percent float(53) not null, total_allocation float(53) not null, total_allocation_taken_out float(53) not null, id bigint not null, primary key (id))
Hibernate: create table savings (allocated_amount float(53) not null, allocation_taken_out float(53) not null, initial_amount float(53) not null, percent float(53) not null, total_allocation float(53) not null, total_allocation_taken_out float(53) not null, id bigint not null, primary key (id))
Hibernate: create table vacation (allocated_amount float(53) not null, allocation_taken_out float(53) not null, initial_amount float(53) not null, percent float(53) not null, total_allocation float(53) not null, total_allocation_taken_out float(53) not null, id bigint not null, primary key (id))
2024-04-16T00:28:41.053-05:00  INFO 70364 --- [           main] j.LocalContainerEntityManagerFactoryBean : Initialized JPA EntityManagerFactory for persistence unit 'default'
2024-04-16T00:28:41.299-05:00  WARN 70364 --- [           main] JpaBaseConfiguration$JpaWebConfiguration : spring.jpa.open-in-view is enabled by default. Therefore, database queries may be performed during view rendering. Explicitly configure spring.jpa.open-in-view to disable this warning
2024-04-16T00:28:41.615-05:00  INFO 70364 --- [           main] o.s.b.a.e.web.EndpointLinksResolver      : Exposing 1 endpoint(s) beneath base path '/actuator'
2024-04-16T00:28:41.652-05:00  INFO 70364 --- [           main] c.f.f.VacationServiceImplTest            : Started VacationServiceImplTest in 1.953 seconds (process running for 2.352)
Hibernate: select v1_0.id,v1_0.allocated_amount,v1_0.allocation_taken_out,v1_0.initial_amount,v1_0.percent,v1_0.total_allocation,v1_0.total_allocation_taken_out from vacation v1_0
Hibernate: select nextval('vacation_seq')
Hibernate: insert into vacation (allocated_amount,allocation_taken_out,initial_amount,percent,total_allocation,total_allocation_taken_out,id) values (?,?,?,?,?,?,?)
Hibernate: select nextval('account_seq')
Hibernate: insert into account (amount,deducted,remaining,id) values (?,?,?,?)
]]></system-out>
    <system-err><![CDATA[WARNING: A Java agent has been loaded dynamically (/Users/craigbanksjr/.m2/repository/net/bytebuddy/byte-buddy-agent/1.14.12/byte-buddy-agent-1.14.12.jar)
WARNING: If a serviceability tool is in use, please run with -XX:+EnableDynamicAgentLoading to hide this warning
WARNING: If a serviceability tool is not in use, please run with -Djdk.instrument.traceUsage for more information
WARNING: Dynamic loading of agents will be disallowed by default in a future release
]]></system-err>
  </testcase>
  <testcase name="testMoneyOutOfVacation" classname="com.financecalculator.financecalculator.VacationServiceImplTest" time="0.016">
    <system-out><![CDATA[Hibernate: select v1_0.id,v1_0.allocated_amount,v1_0.allocation_taken_out,v1_0.initial_amount,v1_0.percent,v1_0.total_allocation,v1_0.total_allocation_taken_out from vacation v1_0
Hibernate: select nextval('vacation_seq')
Hibernate: insert into vacation (allocated_amount,allocation_taken_out,initial_amount,percent,total_allocation,total_allocation_taken_out,id) values (?,?,?,?,?,?,?)
Hibernate: select nextval('account_seq')
Hibernate: insert into account (amount,deducted,remaining,id) values (?,?,?,?)
Hibernate: select v1_0.id,v1_0.allocated_amount,v1_0.allocation_taken_out,v1_0.initial_amount,v1_0.percent,v1_0.total_allocation,v1_0.total_allocation_taken_out from vacation v1_0
Hibernate: select v1_0.id,v1_0.allocated_amount,v1_0.allocation_taken_out,v1_0.initial_amount,v1_0.percent,v1_0.total_allocation,v1_0.total_allocation_taken_out from vacation v1_0 where v1_0.id=?
Hibernate: delete from vacation where id=?
Hibernate: select v1_0.id,v1_0.allocated_amount,v1_0.allocation_taken_out,v1_0.initial_amount,v1_0.percent,v1_0.total_allocation,v1_0.total_allocation_taken_out from vacation v1_0 where v1_0.id=?
Hibernate: delete from vacation where id=?
]]></system-out>
  </testcase>
  <testcase name="testGetAllVacation" classname="com.financecalculator.financecalculator.VacationServiceImplTest" time="0.005">
    <system-out><![CDATA[Hibernate: select v1_0.id,v1_0.allocated_amount,v1_0.allocation_taken_out,v1_0.initial_amount,v1_0.percent,v1_0.total_allocation,v1_0.total_allocation_taken_out from vacation v1_0
Hibernate: insert into vacation (allocated_amount,allocation_taken_out,initial_amount,percent,total_allocation,total_allocation_taken_out,id) values (?,?,?,?,?,?,?)
Hibernate: insert into account (amount,deducted,remaining,id) values (?,?,?,?)
Hibernate: select v1_0.id,v1_0.allocated_amount,v1_0.allocation_taken_out,v1_0.initial_amount,v1_0.percent,v1_0.total_allocation,v1_0.total_allocation_taken_out from vacation v1_0
]]></system-out>
  </testcase>
</testsuite>